<?xml version="1.0" encoding="UTF-8"?>
<!-- Generated by org.testng.reporters.JUnitReportReporter -->
<testsuite skipped="0" hostname="C40FF62PC" name="com.rsi.kma.automation.testScripts.Regression.ForgotPassword" tests="5" failures="0" timestamp="01 Feb 2018 11:47:03 GMT" time="293.403" errors="0">
  <testcase name="checkInValidEmail" time="27.535" classname="com.rsi.kma.automation.testScripts.Regression.ForgotPassword"/>
  <testcase name="checkSecurityQues" time="45.351" classname="com.rsi.kma.automation.testScripts.Regression.ForgotPassword"/>
  <testcase name="checkEmail" time="71.118" classname="com.rsi.kma.automation.testScripts.Regression.ForgotPassword"/>
  <testcase name="checkValidLogin" time="96.720" classname="com.rsi.kma.automation.testScripts.Regression.ForgotPassword"/>
  <testcase name="checkInValidLogin" time="52.679" classname="com.rsi.kma.automation.testScripts.Regression.ForgotPassword"/>
</testsuite> <!-- com.rsi.kma.automation.testScripts.Regression.ForgotPassword -->
