<?xml version="1.0" encoding="UTF-8"?>
<!-- Generated by org.testng.reporters.JUnitReportReporter -->
<testsuite skipped="0" hostname="C40FF62PC" name="com.rsi.kma.automation.testScripts.Regression.MyVehicles" tests="1" failures="0" timestamp="03 May 2018 16:36:10 GMT" time="302.045" errors="0">
  <testcase name="addDeleteVin" time="302.045" classname="com.rsi.kma.automation.testScripts.Regression.MyVehicles"/>
</testsuite> <!-- com.rsi.kma.automation.testScripts.Regression.MyVehicles -->
