<?xml version="1.0" encoding="UTF-8"?>
<!-- Generated by org.testng.reporters.JUnitReportReporter -->
<testsuite skipped="0" hostname="C40FF62PC" name="com.rsi.kma.automation.testScripts.Regression.Battery" tests="1" failures="0" timestamp="09 May 2018 12:13:38 GMT" time="387.761" errors="0">
  <testcase name="CheckNoDaysSameDaysEV1" time="387.761" classname="com.rsi.kma.automation.testScripts.Regression.Battery"/>
</testsuite> <!-- com.rsi.kma.automation.testScripts.Regression.Battery -->
