<?xml version="1.0" encoding="UTF-8"?>
<!-- Generated by org.testng.reporters.JUnitReportReporter -->
<testsuite skipped="0" hostname="C40FF62PC" name="com.rsi.kma.automation.testScripts.Regression.DrivingActivity" tests="1" failures="0" timestamp="10 May 2018 07:44:25 GMT" time="120.596" errors="0">
  <testcase name="DrivingActivityTest" time="120.596" classname="com.rsi.kma.automation.testScripts.Regression.DrivingActivity"/>
</testsuite> <!-- com.rsi.kma.automation.testScripts.Regression.DrivingActivity -->
