<?xml version="1.0" encoding="UTF-8"?>
<!-- Generated by org.testng.reporters.JUnitReportReporter -->
<testsuite skipped="0" hostname="C40FF62PC" name="com.rsi.kma.automation.testScripts.Regression.MyPois" tests="1" failures="0" timestamp="10 May 2018 05:42:05 GMT" time="551.121" errors="0">
  <testcase name="sortByState" time="551.121" classname="com.rsi.kma.automation.testScripts.Regression.MyPois"/>
</testsuite> <!-- com.rsi.kma.automation.testScripts.Regression.MyPois -->
