<?xml version="1.0" encoding="UTF-8"?>
<!-- Generated by org.testng.reporters.JUnitReportReporter -->
<testsuite skipped="0" hostname="C40FF62PC" name="com.rsi.kma.automation.testScripts.Regression.FindMyCar" tests="2" failures="0" timestamp="10 May 2018 07:44:25 GMT" time="252.844" errors="0">
  <testcase name="FindMyCarTest" time="125.255" classname="com.rsi.kma.automation.testScripts.Regression.FindMyCar"/>
  <testcase name="FindMyCarTestEV1" time="127.589" classname="com.rsi.kma.automation.testScripts.Regression.FindMyCar"/>
</testsuite> <!-- com.rsi.kma.automation.testScripts.Regression.FindMyCar -->
