<?xml version="1.0" encoding="UTF-8"?>
<!-- Generated by org.testng.reporters.JUnitReportReporter -->
<testsuite skipped="0" hostname="C40FF62PC" name="com.rsi.kma.automation.testScripts.Regression.ChargingStations" tests="2" failures="0" timestamp="10 May 2018 07:17:55 GMT" time="444.250" errors="0">
  <testcase name="checkFilter" time="230.479" classname="com.rsi.kma.automation.testScripts.Regression.ChargingStations"/>
  <testcase name="checkZipAndCity" time="213.771" classname="com.rsi.kma.automation.testScripts.Regression.ChargingStations"/>
</testsuite> <!-- com.rsi.kma.automation.testScripts.Regression.ChargingStations -->
