<?xml version="1.0" encoding="UTF-8"?>
<!-- Generated by org.testng.reporters.JUnitReportReporter -->
<testsuite skipped="0" hostname="C40FF62PC" name="com.rsi.kma.automation.testScripts.Regression.DemoTripInfo" tests="1" failures="0" timestamp="20 Feb 2018 11:25:48 GMT" time="102.707" errors="0">
  <testcase name="tripInfoConnected" time="102.707" classname="com.rsi.kma.automation.testScripts.Regression.DemoTripInfo"/>
</testsuite> <!-- com.rsi.kma.automation.testScripts.Regression.DemoTripInfo -->
